<?xml version="1.0" encoding="UTF-8" ?>
<testsuite tests="3" failures="0" name="io.rxson.rxjava.ReactiveSubscriberTest" time="5.623" errors="0" skipped="0">
  <properties>
[...]
</properties>
  <testcase classname="io.rxson.rxjava.ReactiveSubscriberTest" name="createForReactivePath" time="2.159"/>
  <testcase classname="io.rxson.rxjava.ReactiveSubscriberTest" name="testCreateCompletable_ShouldRetunCompletable" time="1.596"/>
  <testcase classname="io.rxson.rxjava.ReactiveSubscriberTest" name="createFlatStream" time="1.868"/>
</testsuite>